{
  "RSpec": {
    "coverage": {
      "/Users/TIA/Desktop/cp3/mlist/app/controllers/api/v1/items_controller.rb": [
        1,
        1,
        1,
        null,
        1,
        416,
        416,
        415,
        null,
        null,
        1,
        4,
        null,
        null,
        1,
        1,
        null,
        null,
        1,
        2,
        1,
        null,
        null,
        1,
        1,
        null,
        null,
        1,
        null,
        1,
        418,
        null,
        null,
        1,
        424,
        null,
        424,
        424,
        null,
        null,
        1,
        4,
        4,
        null,
        null
      ],
      "/Users/TIA/Desktop/cp3/mlist/app/controllers/application_controller.rb": [
        1,
        1,
        1,
        null,
        1,
        null,
        1,
        0,
        null,
        null,
        1,
        null,
        1,
        977,
        965,
        null,
        null,
        1,
        12,
        null,
        null,
        1,
        1942,
        1931,
        1931,
        1931,
        1931,
        null,
        null
      ],
      "/Users/TIA/Desktop/cp3/mlist/lib/json_web_token.rb": [
        1,
        null,
        1,
        1,
        968,
        968,
        null,
        null,
        1,
        1936,
        1935,
        null,
        1,
        null,
        null
      ],
      "/Users/TIA/Desktop/cp3/mlist/app/controllers/concerns/messages.rb": [
        1,
        1,
        1,
        2,
        null,
        null,
        1,
        1,
        null,
        null,
        1,
        2,
        null,
        null,
        1,
        12,
        null,
        null,
        1,
        3,
        null,
        null,
        1,
        1,
        null,
        null,
        1,
        1,
        null,
        null,
        1,
        3,
        null,
        null,
        1,
        2,
        null,
        null,
        1,
        2,
        null,
        null,
        1,
        3,
        null,
        null,
        1,
        0,
        null,
        null,
        null
      ],
      "/Users/TIA/Desktop/cp3/mlist/app/models/bucketlist.rb": [
        1,
        1,
        null,
        1,
        1,
        1,
        null,
        null,
        1,
        6,
        6,
        null,
        null
      ],
      "/Users/TIA/Desktop/cp3/mlist/app/models/application_record.rb": [
        1,
        1,
        null
      ],
      "/Users/TIA/Desktop/cp3/mlist/app/models/concerns/paginate.rb": [
        1,
        1,
        null,
        9,
        null,
        null,
        1,
        18,
        18,
        18,
        null,
        null,
        1,
        9,
        9,
        null,
        null
      ],
      "/Users/TIA/Desktop/cp3/mlist/app/models/item.rb": [
        1,
        1,
        null,
        1,
        1,
        1,
        1,
        null,
        1,
        null,
        1,
        415,
        null,
        null
      ],
      "/Users/TIA/Desktop/cp3/mlist/app/models/user.rb": [
        1,
        47,
        1,
        null,
        null,
        1,
        1,
        null,
        null,
        null,
        1,
        1,
        1,
        null,
        1,
        null,
        1,
        null,
        1,
        46,
        46,
        null,
        null
      ],
      "/Users/TIA/Desktop/cp3/mlist/app/controllers/auth_controller.rb": [
        1,
        1,
        null,
        1,
        3,
        2,
        null,
        null,
        null,
        2,
        2,
        null,
        null,
        1,
        2,
        2,
        null,
        null,
        null,
        1,
        null,
        1,
        13,
        13,
        null,
        null,
        1,
        7,
        7,
        null,
        null,
        1,
        1,
        null,
        null,
        null
      ],
      "/Users/TIA/Desktop/cp3/mlist/app/controllers/api/v1/bucketlists_controller.rb": [
        1,
        1,
        1,
        null,
        1,
        528,
        528,
        527,
        null,
        null,
        1,
        5,
        null,
        null,
        null,
        1,
        1,
        null,
        null,
        1,
        2,
        1,
        null,
        null,
        1,
        1,
        null,
        null,
        1,
        null,
        1,
        10,
        null,
        null,
        1,
        5,
        5,
        null,
        null,
        1,
        530,
        null,
        null,
        null,
        null
      ],
      "/Users/TIA/Desktop/cp3/mlist/app/serializers/bucketlist_serializer.rb": [
        1,
        1,
        null,
        1,
        1,
        null
      ],
      "/Users/TIA/Desktop/cp3/mlist/app/controllers/concerns/serializer_helper.rb": [
        1,
        1,
        1240,
        null,
        null,
        1,
        1241,
        null,
        null,
        1,
        678,
        null,
        null
      ],
      "/Users/TIA/Desktop/cp3/mlist/app/serializers/item_serializer.rb": [
        1,
        1,
        null,
        1,
        null
      ],
      "/Users/TIA/Desktop/cp3/mlist/app/controllers/users_controller.rb": [
        1,
        1,
        1,
        null,
        1,
        2,
        2,
        1,
        null,
        null,
        1,
        1,
        null,
        null,
        1,
        null,
        1,
        1,
        null,
        null,
        1,
        2,
        null,
        null,
        null,
        null,
        null,
        null
      ],
      "/Users/TIA/Desktop/cp3/mlist/app/serializers/user_serializer.rb": [
        1,
        1,
        null,
        1,
        null
      ]
    },
    "timestamp": 1480076948
  }
}
