{
  "RSpec": {
    "coverage": {
      "/Users/TIA/Desktop/cp3/mlist/app/models/user.rb": [
        1,
        5,
        1,
        null,
        null,
        1,
        1,
        null,
        null,
        null,
        1,
        1,
        1,
        null,
        1,
        null,
        1,
        null,
        1,
        4,
        4,
        null,
        null
      ],
      "/Users/TIA/Desktop/cp3/mlist/app/models/application_record.rb": [
        1,
        1,
        null
      ],
      "/Users/TIA/Desktop/cp3/mlist/app/controllers/users_controller.rb": [
        1,
        1,
        1,
        null,
        1,
        2,
        2,
        1,
        null,
        null,
        1,
        1,
        null,
        null,
        1,
        null,
        1,
        1,
        null,
        null,
        1,
        2,
        null,
        null,
        null,
        null,
        null,
        null
      ],
      "/Users/TIA/Desktop/cp3/mlist/app/controllers/application_controller.rb": [
        1,
        1,
        null,
        1,
        1,
        null,
        1,
        null,
        1,
        1,
        1,
        null,
        null,
        1,
        0,
        null,
        null,
        1,
        2,
        2,
        2,
        2,
        2,
        null,
        null
      ],
      "/Users/TIA/Desktop/cp3/mlist/lib/json_web_token.rb": [
        1,
        null,
        1,
        1,
        1,
        1,
        null,
        null,
        1,
        2,
        2,
        null,
        0,
        null,
        null
      ],
      "/Users/TIA/Desktop/cp3/mlist/app/controllers/concerns/messages.rb": [
        1,
        1,
        1,
        0,
        null,
        null,
        1,
        0,
        null,
        null,
        1,
        0,
        null,
        null,
        1,
        0,
        null,
        null,
        1,
        1,
        null,
        null,
        1,
        0,
        null,
        null,
        1,
        0,
        null,
        null,
        1,
        1,
        null,
        null,
        1,
        0,
        null,
        null,
        1,
        0,
        null,
        null,
        1,
        1,
        null,
        null,
        null,
        null
      ],
      "/Users/TIA/Desktop/cp3/mlist/app/serializers/user_serializer.rb": [
        1,
        1,
        null,
        1,
        null
      ],
      "/Users/TIA/Desktop/cp3/mlist/app/controllers/concerns/serializer_helper.rb": [
        1,
        1,
        0,
        null,
        null,
        1,
        1,
        null,
        null,
        1,
        0,
        null,
        null
      ],
      "/Users/TIA/Desktop/cp3/mlist/app/channels/application_cable/channel.rb": [
        0,
        0,
        0,
        0
      ],
      "/Users/TIA/Desktop/cp3/mlist/app/channels/application_cable/connection.rb": [
        0,
        0,
        0,
        0
      ],
      "/Users/TIA/Desktop/cp3/mlist/app/controllers/api/v1/bucketlists_controller.rb": [
        0,
        0,
        0,
        0,
        0,
        0,
        0,
        0,
        0,
        0,
        0,
        0,
        0,
        0,
        0,
        0,
        0,
        0,
        0,
        0,
        0,
        0,
        0,
        0,
        0,
        0,
        0,
        0,
        0,
        0,
        0,
        0,
        0,
        0,
        0,
        0,
        0,
        0,
        0,
        0,
        0,
        0,
        0,
        0,
        0
      ],
      "/Users/TIA/Desktop/cp3/mlist/app/controllers/api/v1/items_controller.rb": [
        0,
        0,
        0,
        0,
        0,
        0,
        0,
        0,
        0,
        0,
        0,
        0,
        0,
        0,
        0,
        0,
        0,
        0,
        0,
        0,
        0,
        0,
        0,
        0,
        0,
        0,
        0,
        0,
        0,
        0,
        0,
        0,
        0,
        0,
        0,
        0,
        0,
        0,
        0,
        0,
        0,
        0,
        0,
        0,
        0
      ],
      "/Users/TIA/Desktop/cp3/mlist/app/controllers/auth_controller.rb": [
        0,
        0,
        0,
        0,
        0,
        0,
        0,
        0,
        0,
        0,
        0,
        0,
        0,
        0,
        0,
        0,
        0,
        0,
        0,
        0,
        0,
        0,
        0,
        0,
        0,
        0,
        0,
        0,
        0,
        0,
        0,
        0,
        0,
        0,
        0,
        0
      ],
      "/Users/TIA/Desktop/cp3/mlist/app/jobs/application_job.rb": [
        0,
        0
      ],
      "/Users/TIA/Desktop/cp3/mlist/app/mailers/application_mailer.rb": [
        0,
        0,
        0,
        0
      ],
      "/Users/TIA/Desktop/cp3/mlist/app/models/bucketlist.rb": [
        0,
        0,
        0,
        0,
        0,
        0,
        0,
        0,
        0,
        0,
        0,
        0,
        0
      ],
      "/Users/TIA/Desktop/cp3/mlist/app/models/concerns/paginate.rb": [
        0,
        0,
        0,
        0,
        0,
        0,
        0,
        0,
        0,
        0,
        0,
        0,
        0,
        0,
        0,
        0,
        0
      ],
      "/Users/TIA/Desktop/cp3/mlist/app/models/item.rb": [
        0,
        0,
        0,
        0,
        0,
        0,
        0,
        0,
        0,
        0,
        0,
        0,
        0,
        0
      ],
      "/Users/TIA/Desktop/cp3/mlist/app/serializers/bucketlist_serializer.rb": [
        0,
        0,
        0,
        0,
        0,
        0
      ],
      "/Users/TIA/Desktop/cp3/mlist/app/serializers/item_serializer.rb": [
        0,
        0,
        0,
        0,
        0
      ]
    },
    "timestamp": 1479982782
  }
}
